2019/07/16 11:37:38 [INFO] Terraform version: 0.12.3  
2019/07/16 11:37:38 [INFO] Go runtime version: go1.12.4
2019/07/16 11:37:38 [INFO] CLI args: []string{"/Users/jamesdumontledouarec/Documents/Binaries/Terraform/last/terraform", "init", "-backend-config=./variable/infra1_caas_backend.tfvars", "-backend-config=./secret/infra1_caas_backend.json", "-reconfigure"}
2019/07/16 11:37:38 [DEBUG] Attempting to open CLI config file: /Users/jamesdumontledouarec/.terraformrc
2019/07/16 11:37:38 [DEBUG] File doesn't exist, but doesn't need to. Ignoring.
2019/07/16 11:37:38 [INFO] CLI command args: []string{"init", "-backend-config=./variable/infra1_caas_backend.tfvars", "-backend-config=./secret/infra1_caas_backend.json", "-reconfigure"}

Initializing the backend...
2019/07/16 11:37:38 [TRACE] Meta.Backend: merging -backend-config=... CLI overrides into backend configuration
2019/07/16 11:37:38 [TRACE] Meta.Backend: built configuration for "azurerm" backend with hash value 1983920158
2019/07/16 11:37:38 [TRACE] Preserving existing state lineage "6d08a749-142b-13e7-c5e0-84c957bd5c8d"
2019/07/16 11:37:38 [TRACE] Preserving existing state lineage "6d08a749-142b-13e7-c5e0-84c957bd5c8d"
2019/07/16 11:37:38 [TRACE] Meta.Backend: working directory was previously initialized for "azurerm" backend
2019/07/16 11:37:38 [TRACE] Meta.Backend: moving from default local state only to "azurerm" backend
2019/07/16 11:37:38 [DEBUG] Loading Environment "public"
2019/07/16 11:37:38 Testing if Service Principal / Client Certificate is applicable for Authentication..
2019/07/16 11:37:38 Testing if Service Principal / Client Secret is applicable for Authentication..
2019/07/16 11:37:38 Using Service Principal / Client Secret for Authentication

2019/07/16 11:37:38 [DEBUG] checking for provider in "."
2019/07/16 11:37:38 [DEBUG] checking for provider in "/Users/jamesdumontledouarec/Documents/Binaries/Terraform/last"
2019/07/16 11:37:38 [DEBUG] checking for provider in ".terraform/plugins/darwin_amd64"
2019/07/16 11:37:38 [DEBUG] found provider "terraform-provider-azurerm_v1.31.0_x4"
2019/07/16 11:37:38 [DEBUG] found provider "terraform-provider-null_v2.1.2_x4"
2019/07/16 11:37:38 [DEBUG] found valid plugin: "azurerm", "1.31.0", "/Users/jamesdumontledouarec/Documents/GitHub/debug/.terraform/plugins/darwin_amd64/terraform-provider-azurerm_v1.31.0_x4"
2019/07/16 11:37:38 [DEBUG] found valid plugin: "null", "2.1.2", "/Users/jamesdumontledouarec/Documents/GitHub/debug/.terraform/plugins/darwin_amd64/terraform-provider-null_v2.1.2_x4"
2019/07/16 11:37:38 [DEBUG] checking for provisioner in "."
2019/07/16 11:37:38 [DEBUG] checking for provisioner in "/Users/jamesdumontledouarec/Documents/Binaries/Terraform/last"
2019/07/16 11:37:38 [DEBUG] checking for provisioner in ".terraform/plugins/darwin_amd64"
2019/07/16 11:37:38 [TRACE] backend/local: state manager for workspace "default" will:
 - read initial snapshot from terraform.tfstate
 - write new snapshots to terraform.tfstate
 - create any backup at terraform.tfstate.backup
2019/07/16 11:37:38 [TRACE] statemgr.Filesystem: reading initial snapshot from terraform.tfstate
2019/07/16 11:37:38 [TRACE] statemgr.Filesystem: snapshot file has nil snapshot, but that's okay
2019/07/16 11:37:38 [TRACE] statemgr.Filesystem: read nil snapshot
2019/07/16 11:37:38 [TRACE] Meta.Backend: ignoring local "default" workspace because its state is empty
2019/07/16 11:37:38 [TRACE] Preserving existing state lineage "6d08a749-142b-13e7-c5e0-84c957bd5c8d"
2019/07/16 11:37:38 [TRACE] Preserving existing state lineage "6d08a749-142b-13e7-c5e0-84c957bd5c8d"
2019/07/16 11:37:38 [TRACE] Preserving existing state lineage "6d08a749-142b-13e7-c5e0-84c957bd5c8d"
Successfully configured the backend "azurerm"! Terraform will automatically
2019/07/16 11:37:38 [DEBUG] Building the Blob Client from an Access Token (using user credentials)
use this backend unless the backend configuration changes.
2019/07/16 11:37:39 [DEBUG] Azure Backend Request: 
POST /subscriptions/43c91cd1-0bbf-40c0-9c3a-401b8dfd2dd3/resourceGroups/art-infra-int-rg1/providers/Microsoft.Storage/storageAccounts/artvdcstoint1/listKeys?api-version=2016-01-01 HTTP/1.1
Host: management.azure.com
User-Agent: Terraform/0.12.3
Content-Length: 0
Accept-Encoding: gzip


2019/07/16 11:37:40 [DEBUG] Azure Backend Response for https://management.azure.com/subscriptions/43c91cd1-0bbf-40c0-9c3a-401b8dfd2dd3/resourceGroups/art-infra-int-rg1/providers/Microsoft.Storage/storageAccounts/artvdcstoint1/listKeys?api-version=2016-01-01: 
HTTP/2.0 200 OK
Cache-Control: no-cache
Content-Type: application/json
Date: Tue, 16 Jul 2019 09:37:40 GMT
Expires: -1
Pragma: no-cache
Server: Microsoft-Azure-Storage-Resource-Provider/1.0,Microsoft-HTTPAPI/2.0 Microsoft-HTTPAPI/2.0
Strict-Transport-Security: max-age=31536000; includeSubDomains
Vary: Accept-Encoding
X-Content-Type-Options: nosniff
X-Ms-Correlation-Request-Id: 0729fa25-29a1-40aa-9673-565bdbe6d854
X-Ms-Ratelimit-Remaining-Subscription-Writes: 1199
X-Ms-Request-Id: c5f39d3c-7834-4a64-9392-911554b0860f
X-Ms-Routing-Request-Id: CENTRALUS:20190716T093740Z:0729fa25-29a1-40aa-9673-565bdbe6d854

{"keys":[{"keyName":"key1","value":"8dvH5etVCh/GVGcaWHKA/U6R20Ib4o7sT8RfIs3IebUDdqyzNhypSpnJ9JAzkoEu2tarwq1nZjvlHtPHdKiV6g==","permissions":"FULL"},{"keyName":"key2","value":"x1DNNwqLwDCjnSx62X10YUUXqjQ3hqTmCkIFn1sUcDH8rrdS5DaPYE4Nz9R/4ef5VNXSAkYddGOrhaHmNQKs2g==","permissions":"FULL"}]}
2019/07/16 11:37:40 [TRACE] Meta.Backend: instantiated backend of type *azure.Backend
2019/07/16 11:37:40 [DEBUG] checking for provider in "."
2019/07/16 11:37:40 [DEBUG] checking for provider in "/Users/jamesdumontledouarec/Documents/Binaries/Terraform/last"
2019/07/16 11:37:40 [DEBUG] checking for provider in ".terraform/plugins/darwin_amd64"
2019/07/16 11:37:40 [DEBUG] found provider "terraform-provider-azurerm_v1.31.0_x4"
2019/07/16 11:37:40 [DEBUG] found provider "terraform-provider-null_v2.1.2_x4"
2019/07/16 11:37:40 [DEBUG] found valid plugin: "null", "2.1.2", "/Users/jamesdumontledouarec/Documents/GitHub/debug/.terraform/plugins/darwin_amd64/terraform-provider-null_v2.1.2_x4"
2019/07/16 11:37:40 [DEBUG] found valid plugin: "azurerm", "1.31.0", "/Users/jamesdumontledouarec/Documents/GitHub/debug/.terraform/plugins/darwin_amd64/terraform-provider-azurerm_v1.31.0_x4"
2019/07/16 11:37:40 [DEBUG] checking for provisioner in "."
2019/07/16 11:37:40 [DEBUG] checking for provisioner in "/Users/jamesdumontledouarec/Documents/Binaries/Terraform/last"
2019/07/16 11:37:40 [DEBUG] checking for provisioner in ".terraform/plugins/darwin_amd64"
2019/07/16 11:37:40 [TRACE] Meta.Backend: backend *azure.Backend does not support operations, so wrapping it in a local backend
2019/07/16 11:37:40 [DEBUG] Building the Blob Client from an Access Token (using user credentials)
2019/07/16 11:37:40 [DEBUG] Azure Backend Request: 
POST /subscriptions/43c91cd1-0bbf-40c0-9c3a-401b8dfd2dd3/resourceGroups/art-infra-int-rg1/providers/Microsoft.Storage/storageAccounts/artvdcstoint1/listKeys?api-version=2016-01-01 HTTP/1.1
Host: management.azure.com
User-Agent: Terraform/0.12.3
Content-Length: 0
Accept-Encoding: gzip


2019/07/16 11:37:41 [DEBUG] Azure Backend Response for https://management.azure.com/subscriptions/43c91cd1-0bbf-40c0-9c3a-401b8dfd2dd3/resourceGroups/art-infra-int-rg1/providers/Microsoft.Storage/storageAccounts/artvdcstoint1/listKeys?api-version=2016-01-01: 
HTTP/2.0 200 OK
Cache-Control: no-cache
Content-Type: application/json
Date: Tue, 16 Jul 2019 09:37:41 GMT
Expires: -1
Pragma: no-cache
Server: Microsoft-Azure-Storage-Resource-Provider/1.0,Microsoft-HTTPAPI/2.0 Microsoft-HTTPAPI/2.0
Strict-Transport-Security: max-age=31536000; includeSubDomains
Vary: Accept-Encoding
X-Content-Type-Options: nosniff
X-Ms-Correlation-Request-Id: 844b5eeb-6b63-4f9d-9913-db49cb91c4b1
X-Ms-Ratelimit-Remaining-Subscription-Writes: 1198
X-Ms-Request-Id: 777ec19d-2392-416d-9089-00f247230733
X-Ms-Routing-Request-Id: CENTRALUS:20190716T093741Z:844b5eeb-6b63-4f9d-9913-db49cb91c4b1

{"keys":[{"keyName":"key1","value":"8dvH5etVCh/GVGcaWHKA/U6R20Ib4o7sT8RfIs3IebUDdqyzNhypSpnJ9JAzkoEu2tarwq1nZjvlHtPHdKiV6g==","permissions":"FULL"},{"keyName":"key2","value":"x1DNNwqLwDCjnSx62X10YUUXqjQ3hqTmCkIFn1sUcDH8rrdS5DaPYE4Nz9R/4ef5VNXSAkYddGOrhaHmNQKs2g==","permissions":"FULL"}]}
2019/07/16 11:37:41 [DEBUG] checking for provider in "."
2019/07/16 11:37:41 [DEBUG] checking for provider in "/Users/jamesdumontledouarec/Documents/Binaries/Terraform/last"
2019/07/16 11:37:41 [DEBUG] checking for provider in ".terraform/plugins/darwin_amd64"
2019/07/16 11:37:41 [DEBUG] found provider "terraform-provider-azurerm_v1.31.0_x4"
2019/07/16 11:37:41 [DEBUG] found provider "terraform-provider-null_v2.1.2_x4"
2019/07/16 11:37:41 [DEBUG] found valid plugin: "azurerm", "1.31.0", "/Users/jamesdumontledouarec/Documents/GitHub/debug/.terraform/plugins/darwin_amd64/terraform-provider-azurerm_v1.31.0_x4"
2019/07/16 11:37:41 [DEBUG] found valid plugin: "null", "2.1.2", "/Users/jamesdumontledouarec/Documents/GitHub/debug/.terraform/plugins/darwin_amd64/terraform-provider-null_v2.1.2_x4"

2019/07/16 11:37:41 [DEBUG] plugin requirements: "azurerm"="1.31.0"
2019/07/16 11:37:41 [DEBUG] plugin requirements: "null"=""
Initializing provider plugins...
2019/07/16 11:37:41 [DEBUG] checking for provider in "."
2019/07/16 11:37:41 [DEBUG] checking for provider in "/Users/jamesdumontledouarec/Documents/Binaries/Terraform/last"
2019/07/16 11:37:41 [DEBUG] checking for provider in ".terraform/plugins/darwin_amd64"
2019/07/16 11:37:41 [DEBUG] found provider "terraform-provider-azurerm_v1.31.0_x4"
2019/07/16 11:37:41 [DEBUG] found provider "terraform-provider-null_v2.1.2_x4"
2019/07/16 11:37:41 [DEBUG] found valid plugin: "null", "2.1.2", "/Users/jamesdumontledouarec/Documents/GitHub/debug/.terraform/plugins/darwin_amd64/terraform-provider-null_v2.1.2_x4"
2019/07/16 11:37:41 [DEBUG] found valid plugin: "azurerm", "1.31.0", "/Users/jamesdumontledouarec/Documents/GitHub/debug/.terraform/plugins/darwin_amd64/terraform-provider-azurerm_v1.31.0_x4"
2019/07/16 11:37:41 [DEBUG] checking for provider in ".terraform/plugins/darwin_amd64"
2019/07/16 11:37:41 [DEBUG] found provider "terraform-provider-azurerm_v1.31.0_x4"

2019/07/16 11:37:41 [DEBUG] found provider "terraform-provider-null_v2.1.2_x4"
The following providers do not have any version constraints in configuration,
so the latest version was installed.

To prevent automatic upgrades to new major versions that may contain breaking
changes, it is recommended to add version = "..." constraints to the
corresponding provider blocks in configuration, with the constraint strings
suggested below.

* provider.null: version = "~> 2.1"

Terraform has been successfully initialized!

You may now begin working with Terraform. Try running "terraform plan" to see
any changes that are required for your infrastructure. All Terraform commands
should now work.

If you ever set or change modules or backend configuration for Terraform,
rerun this command to reinitialize your working directory. If you forget, other
commands will detect it and remind you to do so if necessary.
MacBook-Pro-de-James-2:debug jamesdumontledouarec$ terraform apply -var-file="./variable/infra1_caas_main.tfvars" -var-file="./secret/infra1_caas_main.json" 
2019/07/16 11:38:01 [INFO] Terraform version: 0.12.3  
2019/07/16 11:38:01 [INFO] Go runtime version: go1.12.4
2019/07/16 11:38:01 [INFO] CLI args: []string{"/Users/jamesdumontledouarec/Documents/Binaries/Terraform/last/terraform", "apply", "-var-file=./variable/infra1_caas_main.tfvars", "-var-file=./secret/infra1_caas_main.json"}
2019/07/16 11:38:01 [DEBUG] Attempting to open CLI config file: /Users/jamesdumontledouarec/.terraformrc
2019/07/16 11:38:01 [DEBUG] File doesn't exist, but doesn't need to. Ignoring.
2019/07/16 11:38:01 [INFO] CLI command args: []string{"apply", "-var-file=./variable/infra1_caas_main.tfvars", "-var-file=./secret/infra1_caas_main.json"}
2019/07/16 11:38:01 [TRACE] Meta.Backend: built configuration for "azurerm" backend with hash value 1983920158
2019/07/16 11:38:01 [TRACE] Preserving existing state lineage "6d08a749-142b-13e7-c5e0-84c957bd5c8d"
2019/07/16 11:38:01 [TRACE] Preserving existing state lineage "6d08a749-142b-13e7-c5e0-84c957bd5c8d"
2019/07/16 11:38:01 [TRACE] Meta.Backend: working directory was previously initialized for "azurerm" backend
2019/07/16 11:38:01 [TRACE] Meta.Backend: using already-initialized, unchanged "azurerm" backend configuration
2019/07/16 11:38:01 [DEBUG] Loading Environment "public"
2019/07/16 11:38:01 Testing if Service Principal / Client Certificate is applicable for Authentication..
2019/07/16 11:38:01 Testing if Service Principal / Client Secret is applicable for Authentication..
2019/07/16 11:38:01 Using Service Principal / Client Secret for Authentication
2019/07/16 11:38:01 [TRACE] Meta.Backend: instantiated backend of type *azure.Backend
2019/07/16 11:38:01 [DEBUG] checking for provider in "."
2019/07/16 11:38:01 [DEBUG] checking for provider in "/Users/jamesdumontledouarec/Documents/Binaries/Terraform/last"
2019/07/16 11:38:01 [DEBUG] checking for provider in ".terraform/plugins/darwin_amd64"
2019/07/16 11:38:01 [DEBUG] found provider "terraform-provider-azurerm_v1.31.0_x4"
2019/07/16 11:38:01 [DEBUG] found provider "terraform-provider-null_v2.1.2_x4"
2019/07/16 11:38:01 [DEBUG] found valid plugin: "azurerm", "1.31.0", "/Users/jamesdumontledouarec/Documents/GitHub/debug/.terraform/plugins/darwin_amd64/terraform-provider-azurerm_v1.31.0_x4"
2019/07/16 11:38:01 [DEBUG] found valid plugin: "null", "2.1.2", "/Users/jamesdumontledouarec/Documents/GitHub/debug/.terraform/plugins/darwin_amd64/terraform-provider-null_v2.1.2_x4"
2019/07/16 11:38:01 [DEBUG] checking for provisioner in "."
2019/07/16 11:38:01 [DEBUG] checking for provisioner in "/Users/jamesdumontledouarec/Documents/Binaries/Terraform/last"
2019/07/16 11:38:01 [DEBUG] checking for provisioner in ".terraform/plugins/darwin_amd64"
2019/07/16 11:38:01 [TRACE] Meta.Backend: backend *azure.Backend does not support operations, so wrapping it in a local backend
2019/07/16 11:38:01 [INFO] backend/local: starting Apply operation
2019/07/16 11:38:01 [TRACE] backend/local: requesting state manager for workspace "default"
2019/07/16 11:38:01 [DEBUG] Building the Blob Client from an Access Token (using user credentials)
2019/07/16 11:38:01 [DEBUG] Azure Backend Request: 
POST /subscriptions/43c91cd1-0bbf-40c0-9c3a-401b8dfd2dd3/resourceGroups/art-infra-int-rg1/providers/Microsoft.Storage/storageAccounts/artvdcstoint1/listKeys?api-version=2016-01-01 HTTP/1.1
Host: management.azure.com
User-Agent: Terraform/0.12.3
Content-Length: 0
Accept-Encoding: gzip


2019/07/16 11:38:03 [DEBUG] Azure Backend Response for https://management.azure.com/subscriptions/43c91cd1-0bbf-40c0-9c3a-401b8dfd2dd3/resourceGroups/art-infra-int-rg1/providers/Microsoft.Storage/storageAccounts/artvdcstoint1/listKeys?api-version=2016-01-01: 
HTTP/2.0 200 OK
Cache-Control: no-cache
Content-Type: application/json
Date: Tue, 16 Jul 2019 09:38:02 GMT
Expires: -1
Pragma: no-cache
Server: Microsoft-Azure-Storage-Resource-Provider/1.0,Microsoft-HTTPAPI/2.0 Microsoft-HTTPAPI/2.0
Strict-Transport-Security: max-age=31536000; includeSubDomains
Vary: Accept-Encoding
X-Content-Type-Options: nosniff
X-Ms-Correlation-Request-Id: 65af3af4-58b2-4610-8f45-38c775e02bf6
X-Ms-Ratelimit-Remaining-Subscription-Writes: 1199
X-Ms-Request-Id: 9fe0ee0e-b0bc-4136-8163-44631256f586
X-Ms-Routing-Request-Id: CENTRALUS:20190716T093803Z:65af3af4-58b2-4610-8f45-38c775e02bf6

{"keys":[{"keyName":"key1","value":"8dvH5etVCh/GVGcaWHKA/U6R20Ib4o7sT8RfIs3IebUDdqyzNhypSpnJ9JAzkoEu2tarwq1nZjvlHtPHdKiV6g==","permissions":"FULL"},{"keyName":"key2","value":"x1DNNwqLwDCjnSx62X10YUUXqjQ3hqTmCkIFn1sUcDH8rrdS5DaPYE4Nz9R/4ef5VNXSAkYddGOrhaHmNQKs2g==","permissions":"FULL"}]}
2019/07/16 11:38:03 [TRACE] backend/local: requesting state lock for workspace "default"
2019/07/16 11:38:03 [TRACE] backend/local: reading remote state for workspace "default"
2019/07/16 11:38:03 [TRACE] backend/local: retrieving local state snapshot for workspace "default"
2019/07/16 11:38:03 [TRACE] backend/local: building context for current working directory
2019/07/16 11:38:03 [TRACE] terraform.NewContext: starting
2019/07/16 11:38:03 [TRACE] terraform.NewContext: resolving provider version selections
2019/07/16 11:38:04 [TRACE] terraform.NewContext: loading provider schemas
2019/07/16 11:38:04 [TRACE] LoadSchemas: retrieving schema for provider type "azurerm"
2019-07-16T11:38:04.114+0200 [INFO]  plugin: configuring client automatic mTLS
2019-07-16T11:38:04.141+0200 [DEBUG] plugin: starting plugin: path=/Users/jamesdumontledouarec/Documents/GitHub/debug/.terraform/plugins/darwin_amd64/terraform-provider-azurerm_v1.31.0_x4 args=[/Users/jamesdumontledouarec/Documents/GitHub/debug/.terraform/plugins/darwin_amd64/terraform-provider-azurerm_v1.31.0_x4]
2019-07-16T11:38:04.152+0200 [DEBUG] plugin: plugin started: path=/Users/jamesdumontledouarec/Documents/GitHub/debug/.terraform/plugins/darwin_amd64/terraform-provider-azurerm_v1.31.0_x4 pid=73582
2019-07-16T11:38:04.152+0200 [DEBUG] plugin: waiting for RPC address: path=/Users/jamesdumontledouarec/Documents/GitHub/debug/.terraform/plugins/darwin_amd64/terraform-provider-azurerm_v1.31.0_x4
2019-07-16T11:38:04.184+0200 [INFO]  plugin.terraform-provider-azurerm_v1.31.0_x4: configuring server automatic mTLS: timestamp=2019-07-16T11:38:04.183+0200
2019-07-16T11:38:04.215+0200 [DEBUG] plugin: using plugin: version=5
2019-07-16T11:38:04.215+0200 [DEBUG] plugin.terraform-provider-azurerm_v1.31.0_x4: plugin address: address=/var/folders/j0/zhdm_pvj1hz8c25x0997cbm00000gn/T/plugin222079357 network=unix timestamp=2019-07-16T11:38:04.214+0200
2019/07/16 11:38:04 [TRACE] GRPCProvider: GetSchema
2019/07/16 11:38:04 [TRACE] GRPCProvider: Close
2019-07-16T11:38:04.294+0200 [DEBUG] plugin: plugin process exited: path=/Users/jamesdumontledouarec/Documents/GitHub/debug/.terraform/plugins/darwin_amd64/terraform-provider-azurerm_v1.31.0_x4 pid=73582
2019-07-16T11:38:04.294+0200 [DEBUG] plugin: plugin exited
2019/07/16 11:38:04 [TRACE] LoadSchemas: retrieving schema for provider type "null"
2019-07-16T11:38:04.294+0200 [INFO]  plugin: configuring client automatic mTLS
2019-07-16T11:38:04.319+0200 [DEBUG] plugin: starting plugin: path=/Users/jamesdumontledouarec/Documents/GitHub/debug/.terraform/plugins/darwin_amd64/terraform-provider-null_v2.1.2_x4 args=[/Users/jamesdumontledouarec/Documents/GitHub/debug/.terraform/plugins/darwin_amd64/terraform-provider-null_v2.1.2_x4]
2019-07-16T11:38:04.322+0200 [DEBUG] plugin: plugin started: path=/Users/jamesdumontledouarec/Documents/GitHub/debug/.terraform/plugins/darwin_amd64/terraform-provider-null_v2.1.2_x4 pid=73583
2019-07-16T11:38:04.322+0200 [DEBUG] plugin: waiting for RPC address: path=/Users/jamesdumontledouarec/Documents/GitHub/debug/.terraform/plugins/darwin_amd64/terraform-provider-null_v2.1.2_x4
2019-07-16T11:38:04.330+0200 [INFO]  plugin.terraform-provider-null_v2.1.2_x4: configuring server automatic mTLS: timestamp=2019-07-16T11:38:04.330+0200
2019-07-16T11:38:04.357+0200 [DEBUG] plugin: using plugin: version=5
2019-07-16T11:38:04.357+0200 [DEBUG] plugin.terraform-provider-null_v2.1.2_x4: plugin address: address=/var/folders/j0/zhdm_pvj1hz8c25x0997cbm00000gn/T/plugin668293522 network=unix timestamp=2019-07-16T11:38:04.357+0200
2019/07/16 11:38:04 [TRACE] GRPCProvider: GetSchema
2019/07/16 11:38:04 [TRACE] GRPCProvider: Close
2019-07-16T11:38:04.418+0200 [DEBUG] plugin: plugin process exited: path=/Users/jamesdumontledouarec/Documents/GitHub/debug/.terraform/plugins/darwin_amd64/terraform-provider-null_v2.1.2_x4 pid=73583
2019-07-16T11:38:04.418+0200 [DEBUG] plugin: plugin exited
2019/07/16 11:38:04 [TRACE] terraform.NewContext: complete
2019/07/16 11:38:04 [TRACE] backend/local: finished building terraform.Context
2019/07/16 11:38:04 [TRACE] backend/local: requesting interactive input, if necessary
2019/07/16 11:38:04 [TRACE] Context.Input: Prompting for variables
2019/07/16 11:38:04 [TRACE] Context.Input: Prompting for provider arguments
2019/07/16 11:38:04 [TRACE] Context.Input: Provider provider.azurerm declared at main.tf:5,1-19
2019/07/16 11:38:04 [TRACE] Context.Input: Input for provider.azurerm: map[string]cty.Value{}
2019/07/16 11:38:04 [TRACE] backend/local: running validation operation
panic: inconsistent list element types (cty.Object(map[string]cty.Type{"address_space":cty.List(cty.String), "id":cty.String, "subnets":cty.Tuple([]cty.Type{cty.Object(map[string]cty.Type{"address_prefix":cty.String, "name":cty.String}), cty.Object(map[string]cty.Type{"address_prefix":cty.String, "name":cty.String, "security_group_iteration":cty.String}), cty.Object(map[string]cty.Type{"address_prefix":cty.String, "name":cty.String})})}) then cty.Object(map[string]cty.Type{"address_space":cty.List(cty.String), "id":cty.String, "subnets":cty.Tuple([]cty.Type{cty.Object(map[string]cty.Type{"address_prefix":cty.String, "name":cty.String, "security_group_iteration":cty.String})})}))

goroutine 40 [running]:
github.com/zclconf/go-cty/cty.ListVal(0xc0005d89c0, 0x2, 0x2, 0xc00046d3e0, 0xc000c984a0, 0x1, 0x1)
        /opt/teamcity-agent/work/9e329aa031982669/pkg/mod/github.com/zclconf/go-cty@v1.0.0/cty/value_init.go:166 +0x4bf
github.com/zclconf/go-cty/cty/convert.conversionTupleToList.func2(0x2e058c0, 0xc000573460, 0x25b8de0, 0xc000573480, 0xc000c984a0, 0x1, 0x1, 0x442a6d0, 0x0, 0x100be98, ...)
        /opt/teamcity-agent/work/9e329aa031982669/pkg/mod/github.com/zclconf/go-cty@v1.0.0/cty/convert/conversion_collection.go:267 +0x54a
github.com/zclconf/go-cty/cty/convert.getConversion.func1(0x2e058c0, 0xc000573460, 0x25b8de0, 0xc000573480, 0x0, 0x0, 0x0, 0xc00016e940, 0xc000c98490, 0x2e057c0, ...)
        /opt/teamcity-agent/work/9e329aa031982669/pkg/mod/github.com/zclconf/go-cty@v1.0.0/cty/convert/conversion.go:34 +0xef
github.com/zclconf/go-cty/cty/convert.retConversion.func1(0x2e058c0, 0xc000573460, 0x25b8de0, 0xc000573480, 0xc000c98490, 0xc00046cea0, 0xc0003c7f98, 0x5, 0xc0000166d8, 0xc00046cea0)
        /opt/teamcity-agent/work/9e329aa031982669/pkg/mod/github.com/zclconf/go-cty@v1.0.0/cty/convert/conversion.go:141 +0x6b
github.com/zclconf/go-cty/cty/convert.Convert(0x2e058c0, 0xc000573460, 0x25b8de0, 0xc000573480, 0x2e057c0, 0xc000214870, 0x2e05840, 0xc00000e358, 0x267e8a0, 0xc00046d140, ...)
        /opt/teamcity-agent/work/9e329aa031982669/pkg/mod/github.com/zclconf/go-cty@v1.0.0/cty/convert/public.go:51 +0x1af
github.com/hashicorp/terraform/terraform.checkInputVariables(0xc00046cea0, 0xc00046d530, 0x8, 0xc000c98420, 0x500)
        /opt/teamcity-agent/work/9e329aa031982669/src/github.com/hashicorp/terraform/terraform/variables.go:255 +0x191
github.com/hashicorp/terraform/terraform.(*Context).Validate(0xc00037c5a0, 0x0, 0x0, 0x0)
        /opt/teamcity-agent/work/9e329aa031982669/src/github.com/hashicorp/terraform/terraform/context.go:656 +0x4d2
github.com/hashicorp/terraform/backend/local.(*Local).context(0xc000016000, 0xc00047d260, 0x1, 0x1, 0x3, 0xc0003d8180, 0x1, 0x3, 0x0)
        /opt/teamcity-agent/work/9e329aa031982669/src/github.com/hashicorp/terraform/backend/local/backend_local.go:120 +0x974
github.com/hashicorp/terraform/backend/local.(*Local).opApply(0xc000016000, 0x2e03d00, 0xc0004a97c0, 0x2e03d00, 0xc0004a9800, 0xc00047d260, 0xc0004a9780)
        /opt/teamcity-agent/work/9e329aa031982669/src/github.com/hashicorp/terraform/backend/local/backend_apply.go:53 +0x2e4
github.com/hashicorp/terraform/backend/local.(*Local).Operation.func1(0xc0001c1db0, 0xc0001c1dc0, 0xc0001c1dd0, 0xc00047d260, 0xc000016000, 0xc0004a9780, 0xc0001c1da0, 0x2e03d00, 0xc0004a97c0, 0x2e03d00, ...)
        /opt/teamcity-agent/work/9e329aa031982669/src/github.com/hashicorp/terraform/backend/local/backend.go:356 +0x135
created by github.com/hashicorp/terraform/backend/local.(*Local).Operation
        /opt/teamcity-agent/work/9e329aa031982669/src/github.com/hashicorp/terraform/backend/local/backend.go:340 +0x36b
panic: inconsistent list element types (cty.Object(map[string]cty.Type{"address_space":cty.List(cty.String), "id":cty.String, "subnets":cty.Tuple([]cty.Type{cty.Object(map[string]cty.Type{"address_prefix":cty.String, "name":cty.String}), cty.Object(map[string]cty.Type{"address_prefix":cty.String, "name":cty.String, "security_group_iteration":cty.String}), cty.Object(map[string]cty.Type{"address_prefix":cty.String, "name":cty.String})})}) then cty.Object(map[string]cty.Type{"address_space":cty.List(cty.String), "id":cty.String, "subnets":cty.Tuple([]cty.Type{cty.Object(map[string]cty.Type{"address_prefix":cty.String, "name":cty.String, "security_group_iteration":cty.String})})}))

goroutine 40 [running]:
github.com/zclconf/go-cty/cty.ListVal(0xc0005d89c0, 0x2, 0x2, 0xc00046d3e0, 0xc000c984a0, 0x1, 0x1)
        /opt/teamcity-agent/work/9e329aa031982669/pkg/mod/github.com/zclconf/go-cty@v1.0.0/cty/value_init.go:166 +0x4bf
github.com/zclconf/go-cty/cty/convert.conversionTupleToList.func2(0x2e058c0, 0xc000573460, 0x25b8de0, 0xc000573480, 0xc000c984a0, 0x1, 0x1, 0x442a6d0, 0x0, 0x100be98, ...)
        /opt/teamcity-agent/work/9e329aa031982669/pkg/mod/github.com/zclconf/go-cty@v1.0.0/cty/convert/conversion_collection.go:267 +0x54a
github.com/zclconf/go-cty/cty/convert.getConversion.func1(0x2e058c0, 0xc000573460, 0x25b8de0, 0xc000573480, 0x0, 0x0, 0x0, 0xc00016e940, 0xc000c98490, 0x2e057c0, ...)
        /opt/teamcity-agent/work/9e329aa031982669/pkg/mod/github.com/zclconf/go-cty@v1.0.0/cty/convert/conversion.go:34 +0xef
github.com/zclconf/go-cty/cty/convert.retConversion.func1(0x2e058c0, 0xc000573460, 0x25b8de0, 0xc000573480, 0xc000c98490, 0xc00046cea0, 0xc0003c7f98, 0x5, 0xc0000166d8, 0xc00046cea0)
        /opt/teamcity-agent/work/9e329aa031982669/pkg/mod/github.com/zclconf/go-cty@v1.0.0/cty/convert/conversion.go:141 +0x6b
github.com/zclconf/go-cty/cty/convert.Convert(0x2e058c0, 0xc000573460, 0x25b8de0, 0xc000573480, 0x2e057c0, 0xc000214870, 0x2e05840, 0xc00000e358, 0x267e8a0, 0xc00046d140, ...)
        /opt/teamcity-agent/work/9e329aa031982669/pkg/mod/github.com/zclconf/go-cty@v1.0.0/cty/convert/public.go:51 +0x1af
github.com/hashicorp/terraform/terraform.checkInputVariables(0xc00046cea0, 0xc00046d530, 0x8, 0xc000c98420, 0x500)
        /opt/teamcity-agent/work/9e329aa031982669/src/github.com/hashicorp/terraform/terraform/variables.go:255 +0x191
github.com/hashicorp/terraform/terraform.(*Context).Validate(0xc00037c5a0, 0x0, 0x0, 0x0)
        /opt/teamcity-agent/work/9e329aa031982669/src/github.com/hashicorp/terraform/terraform/context.go:656 +0x4d2
github.com/hashicorp/terraform/backend/local.(*Local).context(0xc000016000, 0xc00047d260, 0x1, 0x1, 0x3, 0xc0003d8180, 0x1, 0x3, 0x0)
        /opt/teamcity-agent/work/9e329aa031982669/src/github.com/hashicorp/terraform/backend/local/backend_local.go:120 +0x974
github.com/hashicorp/terraform/backend/local.(*Local).opApply(0xc000016000, 0x2e03d00, 0xc0004a97c0, 0x2e03d00, 0xc0004a9800, 0xc00047d260, 0xc0004a9780)
        /opt/teamcity-agent/work/9e329aa031982669/src/github.com/hashicorp/terraform/backend/local/backend_apply.go:53 +0x2e4
github.com/hashicorp/terraform/backend/local.(*Local).Operation.func1(0xc0001c1db0, 0xc0001c1dc0, 0xc0001c1dd0, 0xc00047d260, 0xc000016000, 0xc0004a9780, 0xc0001c1da0, 0x2e03d00, 0xc0004a97c0, 0x2e03d00, ...)
        /opt/teamcity-agent/work/9e329aa031982669/src/github.com/hashicorp/terraform/backend/local/backend.go:356 +0x135
created by github.com/hashicorp/terraform/backend/local.(*Local).Operation
        /opt/teamcity-agent/work/9e329aa031982669/src/github.com/hashicorp/terraform/backend/local/backend.go:340 +0x36b
